<?xml version="1.0" encoding="UTF-8"?>
<!-- Generated by org.testng.reporters.JUnitXMLReporter -->
<testsuite ignored="0" hostname="DESKTOP-QL5DTGM" failures="0" tests="3" name="Test2" time="53.5" errors="0" timestamp="2025-02-24T17:42:19 IST">
  <testcase classname="com.comcast.crm.GroupTestcaseTest.CreateContactTest" name="createContactTest" time="6.767"/>
  <testcase classname="com.comcast.crm.GroupTestcaseTest.CreateContactTest" name="createContactWithOrgTest" time="17.53"/>
  <testcase classname="com.comcast.crm.GroupTestcaseTest.CreateContactTest" name="createContactWithSuuportDateTest" time="7.616"/>
</testsuite> <!-- Test2 -->
