<?xml version="1.0" encoding="UTF-8"?>
<!-- Generated by org.testng.reporters.JUnitXMLReporter -->
<testsuite ignored="2" hostname="DESKTOP-QL5DTGM" failures="0" tests="6" name="TestRunner-Chrome" time="114.131" errors="0" timestamp="2025-02-19T12:23:02 IST">
  <testcase classname="com.comcast.crm.CrossBrowserParallelTest.CreateContactTest" name="createContactTest" time="10.943"/>
  <testcase classname="com.comcast.crm.CrossBrowserParallelTest.CreateContactTest" name="createContactWithOrgTest" time="21.063"/>
  <testcase classname="com.comcast.crm.CrossBrowserParallelTest.CreateContactTest" name="createContactWithSuuportDateTest" time="9.136"/>
  <testcase classname="com.comcast.crm.CrossBrowserParallelTest.CreateOrganisationTest" name="createOrgTest" time="13.658"/>
  <testcase classname="com.comcast.crm.CrossBrowserParallelTest.CreateOrganisationTest" name="createOrgWIthIndustry" time="13.647"/>
  <testcase classname="com.comcast.crm.CrossBrowserParallelTest.CreateOrganisationTest" name="createOrgwithPhoneNumber" time="7.454"/>
  <testcase classname="com.comcast.crm.CrossBrowserParallelTest.CrossBrowserBaseClass" name="@AfterSuite configAS" time="0.0">
    <ignored/>
  </testcase> <!-- @AfterSuite configAS -->
  <testcase classname="com.comcast.crm.CrossBrowserParallelTest.CrossBrowserBaseClass" name="@BeforeSuite configBS" time="0.0">
    <ignored/>
  </testcase> <!-- @BeforeSuite configBS -->
</testsuite> <!-- TestRunner-Chrome -->
