<?xml version="1.0" encoding="UTF-8"?>
<!-- Generated by org.testng.reporters.JUnitXMLReporter -->
<testsuite ignored="1" hostname="DESKTOP-QL5DTGM" failures="1" tests="1" name="Default test(failed)" time="8.709" errors="0" timestamp="2025-02-20T13:04:14 IST">
  <testcase classname="com.comcast.crm.listeners.InvoiceTest" name="createInvoice" time="0.024">
    <failure type="java.lang.AssertionError" message="expected [Login] but found [Admin123@ Administrator1 - Home - vtiger CRM 5 - Commercial Open Source CRM]">
      <![CDATA[java.lang.AssertionError: expected [Login] but found [Admin123@ Administrator1 - Home - vtiger CRM 5 - Commercial Open Source CRM]
at com.comcast.crm.listeners.InvoiceTest.createInvoice(InvoiceTest.java:20)
at java.base/java.util.ArrayList.forEach(ArrayList.java:1597)
... Removed 31 stack frames]]>
    </failure>
  </testcase> <!-- createInvoice -->
  <testcase classname="com.comcast.crm.listeners.InvoiceTest" name="createInvoiceWithContactTest" time="0.0">
    <ignored/>
  </testcase> <!-- createInvoiceWithContactTest -->
</testsuite> <!-- Default test(failed) -->
