<?xml version="1.0" encoding="UTF-8"?>
<testng-results ignored="0" total="1" passed="1" failed="0" skipped="0">
  <reporter-output>
    <line>
      <![CDATA[=== Connecting to Database and Configuring Reports ===]]>
    </line>
    <line>
      <![CDATA[=== Opening Browser ===]]>
    </line>
    <line>
      <![CDATA[=== Logging into Application ===]]>
    </line>
    <line>
      <![CDATA[=== Logging Out from Application ===]]>
    </line>
    <line>
      <![CDATA[=== Closing Browser ===]]>
    </line>
    <line>
      <![CDATA[=== Closing Database Connection and Finalizing Report ===]]>
    </line>
  </reporter-output>
  <suite started-at="2025-02-25T05:21:30 IST" name="Default suite" finished-at="2025-02-25T05:21:30 IST" duration-ms="107">
    <groups>
    </groups>
    <test started-at="2025-02-25T05:21:30 IST" name="Default test" finished-at="2025-02-25T05:21:30 IST" duration-ms="107">
      <class name="com.comcast.crm.practicedataprovidertest.TestScriptTest">
        <test-method is-config="true" signature="configBS()[pri:0, instance:com.comcast.crm.practicedataprovidertest.TestScriptTest@3bd82cf5]" started-at="2025-02-25T05:21:30 IST" name="configBS" finished-at="2025-02-25T05:21:30 IST" duration-ms="33" status="PASS">
          <reporter-output>
            <line>
              <![CDATA[=== Connecting to Database and Configuring Reports ===]]>
            </line>
          </reporter-output>
        </test-method> <!-- configBS -->
        <test-method is-config="true" signature="configBC()[pri:0, instance:com.comcast.crm.practicedataprovidertest.TestScriptTest@3bd82cf5]" started-at="2025-02-25T05:21:30 IST" name="configBC" finished-at="2025-02-25T05:21:30 IST" duration-ms="1" status="PASS">
          <reporter-output>
            <line>
              <![CDATA[=== Opening Browser ===]]>
            </line>
          </reporter-output>
        </test-method> <!-- configBC -->
        <test-method is-config="true" signature="configBM()[pri:0, instance:com.comcast.crm.practicedataprovidertest.TestScriptTest@3bd82cf5]" started-at="2025-02-25T05:21:30 IST" name="configBM" finished-at="2025-02-25T05:21:30 IST" duration-ms="1" status="PASS">
          <reporter-output>
            <line>
              <![CDATA[=== Logging into Application ===]]>
            </line>
          </reporter-output>
        </test-method> <!-- configBM -->
        <test-method signature="Test1()[pri:0, instance:com.comcast.crm.practicedataprovidertest.TestScriptTest@3bd82cf5]" started-at="2025-02-25T05:21:30 IST" name="Test1" finished-at="2025-02-25T05:21:30 IST" duration-ms="19" status="PASS">
          <reporter-output>
          </reporter-output>
        </test-method> <!-- Test1 -->
        <test-method is-config="true" signature="configAM()[pri:0, instance:com.comcast.crm.practicedataprovidertest.TestScriptTest@3bd82cf5]" started-at="2025-02-25T05:21:30 IST" name="configAM" finished-at="2025-02-25T05:21:30 IST" duration-ms="1" status="PASS">
          <reporter-output>
            <line>
              <![CDATA[=== Logging Out from Application ===]]>
            </line>
          </reporter-output>
        </test-method> <!-- configAM -->
        <test-method is-config="true" signature="configAC()[pri:0, instance:com.comcast.crm.practicedataprovidertest.TestScriptTest@3bd82cf5]" started-at="2025-02-25T05:21:30 IST" name="configAC" finished-at="2025-02-25T05:21:30 IST" duration-ms="1" status="PASS">
          <reporter-output>
            <line>
              <![CDATA[=== Closing Browser ===]]>
            </line>
          </reporter-output>
        </test-method> <!-- configAC -->
        <test-method is-config="true" signature="configAS()[pri:0, instance:com.comcast.crm.practicedataprovidertest.TestScriptTest@3bd82cf5]" started-at="2025-02-25T05:21:30 IST" name="configAS" finished-at="2025-02-25T05:21:30 IST" duration-ms="0" status="PASS">
          <reporter-output>
            <line>
              <![CDATA[=== Closing Database Connection and Finalizing Report ===]]>
            </line>
          </reporter-output>
        </test-method> <!-- configAS -->
      </class> <!-- com.comcast.crm.practicedataprovidertest.TestScriptTest -->
    </test> <!-- Default test -->
  </suite> <!-- Default suite -->
</testng-results>
